<?xml version="1.0" encoding="UTF-8"?>
<testsuite xmlns:xsi="http://www.w3.org/2001/XMLSchema-instance" xsi:noNamespaceSchemaLocation="https://maven.apache.org/surefire/maven-surefire-plugin/xsd/surefire-test-report-3.0.xsd" version="3.0" name="com.example.demo.SpringApplicationTests" time="10.413" tests="1" errors="0" skipped="0" failures="0">
  <properties>
[...]
</properties>
  <testcase name="contextLoads" classname="com.example.demo.SpringApplicationTests" time="0.397">
    <system-out><![CDATA[02:25:05.611 [main] INFO org.springframework.test.context.support.AnnotationConfigContextLoaderUtils -- Could not detect default configuration classes for test class [com.example.demo.SpringApplicationTests]: SpringApplicationTests does not declare any static, non-private, non-final, nested classes annotated with @Configuration.
02:25:05.702 [main] INFO org.springframework.boot.test.context.SpringBootTestContextBootstrapper -- Found @SpringBootConfiguration com.example.demo.SpringApplication for test class com.example.demo.SpringApplicationTests

  .   ____          _            __ _ _
 /\\ / ___'_ __ _ _(_)_ __  __ _ \ \ \ \
( ( )\___ | '_ | '_| | '_ \/ _` | \ \ \ \
 \\/  ___)| |_)| | | | | || (_| |  ) ) ) )
  '  |____| .__|_| |_|_| |_\__, | / / / /
 =========|_|==============|___/=/_/_/_/
 :: Spring Boot ::                (v3.2.5)

2024-07-22T02:25:06.056+07:00  INFO 23964 --- [demo] [           main] c.example.demo.SpringApplicationTests    : Starting SpringApplicationTests using Java 17.0.10 with PID 23964 (started by tranc in C:\Users\tranc\Desktop\BE\Bongking88-BE)
2024-07-22T02:25:06.057+07:00  INFO 23964 --- [demo] [           main] c.example.demo.SpringApplicationTests    : No active profile set, falling back to 1 default profile: "default"
2024-07-22T02:25:06.965+07:00  INFO 23964 --- [demo] [           main] .s.d.r.c.RepositoryConfigurationDelegate : Bootstrapping Spring Data JPA repositories in DEFAULT mode.
2024-07-22T02:25:07.041+07:00  INFO 23964 --- [demo] [           main] .s.d.r.c.RepositoryConfigurationDelegate : Finished Spring Data repository scanning in 68 ms. Found 10 JPA repository interfaces.
2024-07-22T02:25:07.611+07:00  INFO 23964 --- [demo] [           main] o.hibernate.jpa.internal.util.LogHelper  : HHH000204: Processing PersistenceUnitInfo [name: default]
2024-07-22T02:25:07.692+07:00  INFO 23964 --- [demo] [           main] org.hibernate.Version                    : HHH000412: Hibernate ORM core version 6.4.4.Final
2024-07-22T02:25:07.738+07:00  INFO 23964 --- [demo] [           main] o.h.c.internal.RegionFactoryInitiator    : HHH000026: Second-level cache disabled
2024-07-22T02:25:08.038+07:00  INFO 23964 --- [demo] [           main] o.s.o.j.p.SpringPersistenceUnitInfo      : No LoadTimeWeaver setup: ignoring JPA class transformer
2024-07-22T02:25:08.065+07:00  INFO 23964 --- [demo] [           main] com.zaxxer.hikari.HikariDataSource       : HikariPool-1 - Starting...
2024-07-22T02:25:08.849+07:00  INFO 23964 --- [demo] [           main] com.zaxxer.hikari.pool.HikariPool        : HikariPool-1 - Added connection com.mysql.cj.jdbc.ConnectionImpl@5d77be8e
2024-07-22T02:25:08.851+07:00  INFO 23964 --- [demo] [           main] com.zaxxer.hikari.HikariDataSource       : HikariPool-1 - Start completed.
2024-07-22T02:25:08.926+07:00  WARN 23964 --- [demo] [           main] org.hibernate.orm.deprecation            : HHH90000025: MySQL8Dialect does not need to be specified explicitly using 'hibernate.dialect' (remove the property setting and it will be selected by default)
2024-07-22T02:25:08.927+07:00  WARN 23964 --- [demo] [           main] org.hibernate.orm.deprecation            : HHH90000026: MySQL8Dialect has been deprecated; use org.hibernate.dialect.MySQLDialect instead
2024-07-22T02:25:09.928+07:00  INFO 23964 --- [demo] [           main] o.h.e.t.j.p.i.JtaPlatformInitiator       : HHH000489: No JTA platform available (set 'hibernate.transaction.jta.platform' to enable JTA platform integration)
2024-07-22T02:25:11.975+07:00  INFO 23964 --- [demo] [           main] j.LocalContainerEntityManagerFactoryBean : Initialized JPA EntityManagerFactory for persistence unit 'default'
2024-07-22T02:25:12.426+07:00  INFO 23964 --- [demo] [           main] o.s.d.j.r.query.QueryEnhancerFactory     : Hibernate is in classpath; If applicable, HQL parser will be used.
2024-07-22T02:25:13.226+07:00  WARN 23964 --- [demo] [           main] JpaBaseConfiguration$JpaWebConfiguration : spring.jpa.open-in-view is enabled by default. Therefore, database queries may be performed during view rendering. Explicitly configure spring.jpa.open-in-view to disable this warning
2024-07-22T02:25:14.472+07:00  INFO 23964 --- [demo] [           main] o.s.s.web.DefaultSecurityFilterChain     : Will secure any request with [org.springframework.security.web.session.DisableEncodeUrlFilter@1d81dece, org.springframework.security.web.context.request.async.WebAsyncManagerIntegrationFilter@4b01dd26, org.springframework.security.web.context.SecurityContextHolderFilter@3ca26839, org.springframework.security.web.header.HeaderWriterFilter@22f0d1e0, org.springframework.web.filter.CorsFilter@9a168bc, org.springframework.security.web.authentication.logout.LogoutFilter@43a65f56, com.example.demo.filter.Filter@69628b3f, org.springframework.security.oauth2.server.resource.web.authentication.BearerTokenAuthenticationFilter@7d97eeb4, org.springframework.security.web.savedrequest.RequestCacheAwareFilter@2d60947f, org.springframework.security.web.servletapi.SecurityContextHolderAwareRequestFilter@50da96f3, org.springframework.security.web.authentication.AnonymousAuthenticationFilter@7a065f73, org.springframework.security.web.access.ExceptionTranslationFilter@2655ccbd, org.springframework.security.web.access.intercept.AuthorizationFilter@bab7179]
2024-07-22T02:25:15.484+07:00  INFO 23964 --- [demo] [           main] c.example.demo.SpringApplicationTests    : Started SpringApplicationTests in 9.66 seconds (process running for 10.433)
]]></system-out>
  </testcase>
</testsuite>